
> storybook@0.1.0 build-storybook
> storybook build --output-dir=C:\Users\saran\AppData\Local\Temp\chromatic--39412-uAWSPJF0l9Pz

[1m@storybook/core v8.5.3
[22m
info => Cleaning outputDir: [36m..\..\AppData\Local\Temp\chromatic--39412-uAWSPJF0l9Pz[39m
info => Loading presets
info => Building manager..
info => Manager built ([38;2;181;126;229m271 ms[39m)
info => Building preview..
info Addon-docs: using MDX3
info => Using implicit CSS loaders
info => Using SWC as compiler
info => Using default Webpack5 setup
info => Copying static files: [36mpublic[39m at [36m..\..\AppData\Local\Temp\chromatic--39412-uAWSPJF0l9Pz[39m
info Using tsconfig paths for react-docgen
WARN asset size limit: The following asset(s) exceed the recommended size limit (244 KiB).
WARN This can impact web performance.
WARN Assets: 
WARN   static/media/addon-library.7d60eaf1.png (456 KiB)
WARN   47.edaacbf0.iframe.bundle.js (989 KiB)
WARN   162.ef8a1fad.iframe.bundle.js (2.06 MiB)
WARN entrypoint size limit: The following entrypoint(s) combined asset size exceeds the recommended limit (244 KiB). This can impact web performance.
WARN Entrypoints:
WARN   main (2.08 MiB)
WARN       runtime~main.04c425ae.iframe.bundle.js
WARN       162.ef8a1fad.iframe.bundle.js
WARN       main.c1abe27d.iframe.bundle.js
WARN 
info => Preview built ([38;2;181;126;229m11 s[39m)
info => Output directory: C:\Users\saran\AppData\Local\Temp\chromatic--39412-uAWSPJF0l9Pz
